<?xml version="1.0" encoding="UTF-8"?>
<!-- Generated by org.testng.reporters.JUnitXMLReporter -->
<testsuite hostname="Shivapa-w7" ignored="3" name="Command line test" tests="1" failures="0" timestamp="03 Apr 2018 07:52:44 GMT" time="7.205" errors="0">
  <testcase name="ScrollHorizontalTest" time="7.187" classname="com.cyb.Scroll.PageScroll.HorizontalScrollTest"/>
  <testcase name="PageScrollDown" time="0.0" classname="com.cyb.Scroll.PageScroll.ScrolldownTest">
    <ignored/>
  </testcase> <!-- PageScrollDown -->
  <testcase name="ScrollTillVisibilityOfElement" time="0.0" classname="com.cyb.Scroll.PageScroll.ScrolldownTillElementvisibiltyTest">
    <ignored/>
  </testcase> <!-- ScrollTillVisibilityOfElement -->
  <testcase name="ScrollTilltheBottom" time="0.0" classname="com.cyb.Scroll.PageScroll.ScrolldownTillBottomTest">
    <ignored/>
  </testcase> <!-- ScrollTilltheBottom -->
</testsuite> <!-- Command line test -->
