<?xml version="1.0" encoding="UTF-8"?>
<testng-results skipped="0" failed="0" ignored="3" total="4" passed="1">
  <reporter-output>
  </reporter-output>
  <suite name="Command line suite" duration-ms="7205" started-at="2018-04-03T07:52:37Z" finished-at="2018-04-03T07:52:44Z">
    <groups>
    </groups>
    <test name="Command line test" duration-ms="7205" started-at="2018-04-03T07:52:37Z" finished-at="2018-04-03T07:52:44Z">
      <class name="com.cyb.Scroll.PageScroll.HorizontalScrollTest">
        <test-method status="PASS" signature="ScrollHorizontalTest()[pri:0, instance:com.cyb.Scroll.PageScroll.HorizontalScrollTest@2d3fcdbd]" name="ScrollHorizontalTest" duration-ms="7187" started-at="2018-04-03T07:52:37Z" finished-at="2018-04-03T07:52:44Z">
          <reporter-output>
          </reporter-output>
        </test-method> <!-- ScrollHorizontalTest -->
      </class> <!-- com.cyb.Scroll.PageScroll.HorizontalScrollTest -->
    </test> <!-- Command line test -->
  </suite> <!-- Command line suite -->
</testng-results>
